<?xml version="1.0" encoding="UTF-8"?>
<testsuite xmlns:xsi="http://www.w3.org/2001/XMLSchema-instance" xsi:noNamespaceSchemaLocation="https://maven.apache.org/surefire/maven-surefire-plugin/xsd/surefire-test-report-3.0.xsd" version="3.0" name="chat.client.ClientTest" time="0.218" tests="6" errors="0" skipped="0" failures="0">
  <properties>
[...]
</properties>
  <testcase name="testIsLoggedIn_True" classname="chat.client.ClientTest" time="0.199"/>
  <testcase name="testSetSession" classname="chat.client.ClientTest" time="0.002"/>
  <testcase name="testEndSession" classname="chat.client.ClientTest" time="0.002"/>
  <testcase name="testGetUserId" classname="chat.client.ClientTest" time="0.001"/>
  <testcase name="testIsLoggedIn_False" classname="chat.client.ClientTest" time="0.001"/>
  <testcase name="testGetUserProfile" classname="chat.client.ClientTest" time="0.001"/>
</testsuite>